Última actualización: Sun Aug 17 17:03:44 UTC 2025
Última actualización: Sun Aug 17 17:09:28 UTC 2025
Última actualización: Mon Aug 18 17:12:20 UTC 2025
Última actualización: Tue Aug 19 05:13:56 UTC 2025
Última actualización: Tue Aug 19 17:12:31 UTC 2025
Última actualización: Wed Aug 20 05:14:08 UTC 2025
Última actualización: Wed Aug 20 17:12:06 UTC 2025
Última actualización: Thu Aug 21 05:14:31 UTC 2025
Última actualización: Thu Aug 21 17:12:18 UTC 2025
Última actualización: Fri Aug 22 05:14:04 UTC 2025
Última actualización: Fri Aug 22 17:12:22 UTC 2025
Última actualización: Sat Aug 23 05:12:30 UTC 2025
Última actualización: Sat Aug 23 17:10:19 UTC 2025
Última actualización: Sun Aug 24 05:13:18 UTC 2025
Última actualización: Sun Aug 24 17:11:11 UTC 2025
Última actualización: Mon Aug 25 05:15:10 UTC 2025
Última actualización: Mon Aug 25 17:10:42 UTC 2025
Última actualización: Tue Aug 26 05:14:29 UTC 2025
Última actualización: Tue Aug 26 17:12:31 UTC 2025
Última actualización: Wed Aug 27 05:13:18 UTC 2025
Última actualización: Wed Aug 27 17:11:55 UTC 2025
Última actualización: Thu Aug 28 05:13:37 UTC 2025
Última actualización: Thu Aug 28 17:12:05 UTC 2025
Última actualización: Fri Aug 29 05:13:23 UTC 2025
Última actualización: Fri Aug 29 17:11:59 UTC 2025
Última actualización: Sat Aug 30 05:12:28 UTC 2025
